[1.197s] DEBUG:colcon:Command line arguments: ['/usr/bin/colcon', 'list', '-p', '--base-paths', '/home/harshil/Team-Volta/robot_ws']
[1.198s] DEBUG:colcon:Parsed command line arguments: Namespace(allow_overriding=[], base_paths=['/home/harshil/Team-Volta/robot_ws'], build_base='build', ignore_user_meta=False, log_base=None, log_level=None, main=<bound method ListVerb.main of <colcon_package_information.verb.list.ListVerb object at 0x7f0a2a468310>>, metas=['./colcon.meta'], names_only=False, packages_above=None, packages_above_and_dependencies=None, packages_above_depth=None, packages_end=None, packages_ignore=None, packages_ignore_regex=None, packages_select=None, packages_select_build_failed=False, packages_select_by_dep=None, packages_select_regex=None, packages_select_test_failures=False, packages_skip=None, packages_skip_build_finished=False, packages_skip_by_dep=None, packages_skip_regex=None, packages_skip_test_passed=False, packages_skip_up_to=None, packages_start=None, packages_up_to=None, packages_up_to_regex=None, paths=None, paths_only=True, topological_graph=False, topological_graph_density=False, topological_graph_dot=False, topological_graph_dot_cluster=False, topological_graph_dot_include_skipped=False, topological_graph_legend=False, topological_order=False, verb_extension=<colcon_package_information.verb.list.ListVerb object at 0x7f0a2a468310>, verb_name='list', verb_parser=<colcon_defaults.argument_parser.defaults.DefaultArgumentsDecorator object at 0x7f0a2a511a30>)
[1.262s] Level 1:colcon.colcon_core.package_discovery:discover_packages(colcon_meta) check parameters
[1.262s] Level 1:colcon.colcon_core.package_discovery:discover_packages(recursive) check parameters
[1.262s] Level 1:colcon.colcon_core.package_discovery:discover_packages(ignore) check parameters
[1.262s] Level 1:colcon.colcon_core.package_discovery:discover_packages(path) check parameters
[1.262s] Level 1:colcon.colcon_core.package_discovery:discover_packages(recursive) discover
[1.262s] INFO:colcon.colcon_core.package_discovery:Crawling recursively for packages in '/home/harshil/Team-Volta/robot_ws'
[1.262s] Level 1:colcon.colcon_core.package_identification:_identify(/home/harshil/Team-Volta/robot_ws) by extensions ['ignore', 'ignore_ament_install']
[1.262s] Level 1:colcon.colcon_core.package_identification:_identify(/home/harshil/Team-Volta/robot_ws) by extension 'ignore'
[1.263s] Level 1:colcon.colcon_core.package_identification:_identify(/home/harshil/Team-Volta/robot_ws) by extension 'ignore_ament_install'
[1.263s] Level 1:colcon.colcon_core.package_identification:_identify(/home/harshil/Team-Volta/robot_ws) by extensions ['colcon_pkg']
[1.263s] Level 1:colcon.colcon_core.package_identification:_identify(/home/harshil/Team-Volta/robot_ws) by extension 'colcon_pkg'
[1.263s] Level 1:colcon.colcon_core.package_identification:_identify(/home/harshil/Team-Volta/robot_ws) by extensions ['colcon_meta']
[1.263s] Level 1:colcon.colcon_core.package_identification:_identify(/home/harshil/Team-Volta/robot_ws) by extension 'colcon_meta'
[1.263s] Level 1:colcon.colcon_core.package_identification:_identify(/home/harshil/Team-Volta/robot_ws) by extensions ['ros']
[1.263s] Level 1:colcon.colcon_core.package_identification:_identify(/home/harshil/Team-Volta/robot_ws) by extension 'ros'
[1.269s] Level 1:colcon.colcon_core.package_identification:_identify(/home/harshil/Team-Volta/robot_ws) by extensions ['cmake', 'python']
[1.269s] Level 1:colcon.colcon_core.package_identification:_identify(/home/harshil/Team-Volta/robot_ws) by extension 'cmake'
[1.269s] Level 1:colcon.colcon_core.package_identification:_identify(/home/harshil/Team-Volta/robot_ws) by extension 'python'
[1.269s] Level 1:colcon.colcon_core.package_identification:_identify(/home/harshil/Team-Volta/robot_ws) by extensions ['python_setup_py']
[1.269s] Level 1:colcon.colcon_core.package_identification:_identify(/home/harshil/Team-Volta/robot_ws) by extension 'python_setup_py'
[1.270s] Level 1:colcon.colcon_core.package_identification:_identify(/home/harshil/Team-Volta/robot_ws/build) by extensions ['ignore', 'ignore_ament_install']
[1.270s] Level 1:colcon.colcon_core.package_identification:_identify(/home/harshil/Team-Volta/robot_ws/build) by extension 'ignore'
[1.270s] Level 1:colcon.colcon_core.package_identification:_identify(/home/harshil/Team-Volta/robot_ws/build) ignored
[1.270s] Level 1:colcon.colcon_core.package_identification:_identify(/home/harshil/Team-Volta/robot_ws/install) by extensions ['ignore', 'ignore_ament_install']
[1.270s] Level 1:colcon.colcon_core.package_identification:_identify(/home/harshil/Team-Volta/robot_ws/install) by extension 'ignore'
[1.270s] Level 1:colcon.colcon_core.package_identification:_identify(/home/harshil/Team-Volta/robot_ws/install) ignored
[1.270s] Level 1:colcon.colcon_core.package_identification:_identify(/home/harshil/Team-Volta/robot_ws/log) by extensions ['ignore', 'ignore_ament_install']
[1.270s] Level 1:colcon.colcon_core.package_identification:_identify(/home/harshil/Team-Volta/robot_ws/log) by extension 'ignore'
[1.270s] Level 1:colcon.colcon_core.package_identification:_identify(/home/harshil/Team-Volta/robot_ws/log) ignored
[1.270s] Level 1:colcon.colcon_core.package_identification:_identify(/home/harshil/Team-Volta/robot_ws/src) by extensions ['ignore', 'ignore_ament_install']
[1.270s] Level 1:colcon.colcon_core.package_identification:_identify(/home/harshil/Team-Volta/robot_ws/src) by extension 'ignore'
[1.270s] Level 1:colcon.colcon_core.package_identification:_identify(/home/harshil/Team-Volta/robot_ws/src) by extension 'ignore_ament_install'
[1.270s] Level 1:colcon.colcon_core.package_identification:_identify(/home/harshil/Team-Volta/robot_ws/src) by extensions ['colcon_pkg']
[1.270s] Level 1:colcon.colcon_core.package_identification:_identify(/home/harshil/Team-Volta/robot_ws/src) by extension 'colcon_pkg'
[1.270s] Level 1:colcon.colcon_core.package_identification:_identify(/home/harshil/Team-Volta/robot_ws/src) by extensions ['colcon_meta']
[1.270s] Level 1:colcon.colcon_core.package_identification:_identify(/home/harshil/Team-Volta/robot_ws/src) by extension 'colcon_meta'
[1.270s] Level 1:colcon.colcon_core.package_identification:_identify(/home/harshil/Team-Volta/robot_ws/src) by extensions ['ros']
[1.270s] Level 1:colcon.colcon_core.package_identification:_identify(/home/harshil/Team-Volta/robot_ws/src) by extension 'ros'
[1.270s] Level 1:colcon.colcon_core.package_identification:_identify(/home/harshil/Team-Volta/robot_ws/src) by extensions ['cmake', 'python']
[1.270s] Level 1:colcon.colcon_core.package_identification:_identify(/home/harshil/Team-Volta/robot_ws/src) by extension 'cmake'
[1.270s] Level 1:colcon.colcon_core.package_identification:_identify(/home/harshil/Team-Volta/robot_ws/src) by extension 'python'
[1.270s] Level 1:colcon.colcon_core.package_identification:_identify(/home/harshil/Team-Volta/robot_ws/src) by extensions ['python_setup_py']
[1.270s] Level 1:colcon.colcon_core.package_identification:_identify(/home/harshil/Team-Volta/robot_ws/src) by extension 'python_setup_py'
[1.271s] Level 1:colcon.colcon_core.package_identification:_identify(/home/harshil/Team-Volta/robot_ws/src/robot_1) by extensions ['ignore', 'ignore_ament_install']
[1.271s] Level 1:colcon.colcon_core.package_identification:_identify(/home/harshil/Team-Volta/robot_ws/src/robot_1) by extension 'ignore'
[1.271s] Level 1:colcon.colcon_core.package_identification:_identify(/home/harshil/Team-Volta/robot_ws/src/robot_1) by extension 'ignore_ament_install'
[1.271s] Level 1:colcon.colcon_core.package_identification:_identify(/home/harshil/Team-Volta/robot_ws/src/robot_1) by extensions ['colcon_pkg']
[1.271s] Level 1:colcon.colcon_core.package_identification:_identify(/home/harshil/Team-Volta/robot_ws/src/robot_1) by extension 'colcon_pkg'
[1.271s] Level 1:colcon.colcon_core.package_identification:_identify(/home/harshil/Team-Volta/robot_ws/src/robot_1) by extensions ['colcon_meta']
[1.271s] Level 1:colcon.colcon_core.package_identification:_identify(/home/harshil/Team-Volta/robot_ws/src/robot_1) by extension 'colcon_meta'
[1.271s] Level 1:colcon.colcon_core.package_identification:_identify(/home/harshil/Team-Volta/robot_ws/src/robot_1) by extensions ['ros']
[1.271s] Level 1:colcon.colcon_core.package_identification:_identify(/home/harshil/Team-Volta/robot_ws/src/robot_1) by extension 'ros'
[1.272s] DEBUG:colcon.colcon_core.package_identification:Package '/home/harshil/Team-Volta/robot_ws/src/robot_1' with type 'ros.ament_python' and name 'robot_1'
[1.272s] Level 1:colcon.colcon_core.package_discovery:discover_packages(recursive) using defaults
